[debug] [2026-01-23T20:18:43.997Z] [Firebase Plugin] Activating Firebase extension.
[debug] [2026-01-23T20:19:24.889Z] [Firebase Plugin] requireAuthWrapper
[debug] [2026-01-23T20:19:24.901Z] > command requires scopes: ["email","openid","https://www.googleapis.com/auth/cloudplatformprojects.readonly","https://www.googleapis.com/auth/firebase","https://www.googleapis.com/auth/cloud-platform"]
[debug] [2026-01-23T20:19:24.905Z] > authorizing via signed-in user (info.gettupp@gmail.com)
[debug] [2026-01-23T20:19:24.925Z] Checked if tokens are valid: false, expires at: 1769000119019
[debug] [2026-01-23T20:19:24.928Z] Checked if tokens are valid: false, expires at: 1769000119019
[debug] [2026-01-23T20:19:24.930Z] > refreshing access token with scopes: []
[debug] [2026-01-23T20:19:24.945Z] >>> [apiv2][query] POST https://www.googleapis.com/oauth2/v3/token [none]
[debug] [2026-01-23T20:19:24.946Z] >>> [apiv2][body] POST https://www.googleapis.com/oauth2/v3/token [omitted]
[debug] [2026-01-23T20:19:25.007Z] [Firebase Plugin] VSCode notification server listening on port 40001
[debug] [2026-01-23T20:19:25.682Z] <<< [apiv2][status] POST https://www.googleapis.com/oauth2/v3/token 200
[debug] [2026-01-23T20:19:25.683Z] <<< [apiv2][body] POST https://www.googleapis.com/oauth2/v3/token [omitted]
[debug] [2026-01-23T20:19:25.836Z] [Firebase Plugin] User found:  info.gettupp@gmail.com
[info] [Firebase Plugin] (Core:Project) New user detected, fetching projects
[debug] [2026-01-23T20:19:25.849Z] Checked if tokens are valid: true, expires at: 1769203164684
[debug] [2026-01-23T20:19:25.861Z] >>> [apiv2][query] GET https://firebase.googleapis.com/v1beta1/projects pageSize=1000
[debug] [2026-01-23T20:19:27.168Z] Object "/emulators" in "firebase.json" has unknown property: {"additionalProperty":"single_project_mode"}
[info] [Firebase Plugin] Starting Data Connect toolkit (version 3.0.2) on port 50001
[debug] [2026-01-23T20:19:28.128Z] 'fdc build' failed with error: Unable to build your Data Connect schema and connectors (exit code 1): E0123 14:19:28.102065   37932 cmd.go:43] Error loading data connect config: could not find dataconnect.yaml in `c:\Users\finan\Gettupplanding-111\dataconnect`
 {"metadata":{"emulator":{"name":"dataconnect"},"message":"'fdc build' failed with error: Unable to build your Data Connect schema and connectors (exit code 1): E0123 14:19:28.102065   37932 cmd.go:43] Error loading data connect config: could not find dataconnect.yaml in `c:\\Users\\finan\\Gettupplanding-111\\dataconnect`\n"}}
[debug] [2026-01-23T20:19:28.131Z] Ignoring unsupported arg: auto_download {"metadata":{"emulator":{"name":"dataconnect"},"message":"Ignoring unsupported arg: auto_download"}}
[debug] [2026-01-23T20:19:28.132Z] Ignoring unsupported arg: port {"metadata":{"emulator":{"name":"dataconnect"},"message":"Ignoring unsupported arg: port"}}
[debug] [2026-01-23T20:19:28.134Z] Starting Data Connect Emulator with command {"binary":"C:\\Users\\finan\\.cache\\firebase\\emulators\\dataconnect-emulator-3.0.2.exe","args":["--logtostderr","-v=2","dev","--listen=localhost:50001","--config_dir=c:\\Users\\finan\\Gettupplanding-111\\dataconnect","--enable_output_schema_extensions=true","--enable_output_generated_sdk=true"],"optionalArgs":["listen","config_dir","enable_output_schema_extensions","enable_output_generated_sdk"],"joinArgs":true,"shell":false,"port":9399} {"metadata":{"emulator":{"name":"dataconnect"},"message":"Starting Data Connect Emulator with command {\"binary\":\"C:\\\\Users\\\\finan\\\\.cache\\\\firebase\\\\emulators\\\\dataconnect-emulator-3.0.2.exe\",\"args\":[\"--logtostderr\",\"-v=2\",\"dev\",\"--listen=localhost:50001\",\"--config_dir=c:\\\\Users\\\\finan\\\\Gettupplanding-111\\\\dataconnect\",\"--enable_output_schema_extensions=true\",\"--enable_output_generated_sdk=true\"],\"optionalArgs\":[\"listen\",\"config_dir\",\"enable_output_schema_extensions\",\"enable_output_generated_sdk\"],\"joinArgs\":true,\"shell\":false,\"port\":9399}"}}
[info] i  dataconnect: Data Connect Emulator logging to dataconnect-debug.log {"metadata":{"emulator":{"name":"dataconnect"},"message":"Data Connect Emulator logging to \u001b[1mdataconnect-debug.log\u001b[22m"}}
[debug] [2026-01-23T20:19:28.586Z] E0123 14:19:28.585058   37672 dev.go:83] Failed to load initial config from "c:\\Users\\finan\\Gettupplanding-111\\dataconnect": could not find dataconnect.yaml in `c:\Users\finan\Gettupplanding-111\dataconnect`
 {"metadata":{"emulator":{"name":"dataconnect"},"message":"E0123 14:19:28.585058   37672 dev.go:83] Failed to load initial config from \"c:\\\\Users\\\\finan\\\\Gettupplanding-111\\\\dataconnect\": could not find dataconnect.yaml in `c:\\Users\\finan\\Gettupplanding-111\\dataconnect`\n"}}
[debug] [2026-01-23T20:19:28.588Z] E0123 14:19:28.587079   37672 watch.go:116] watchAllDir unable to walk dir `c:\Users\finan\Gettupplanding-111\dataconnect`: CreateFile c:\Users\finan\Gettupplanding-111\dataconnect: The system cannot find the file specified.
 {"metadata":{"emulator":{"name":"dataconnect"},"message":"E0123 14:19:28.587079   37672 watch.go:116] watchAllDir unable to walk dir `c:\\Users\\finan\\Gettupplanding-111\\dataconnect`: CreateFile c:\\Users\\finan\\Gettupplanding-111\\dataconnect: The system cannot find the file specified.\n"}}
[debug] [2026-01-23T20:19:28.687Z] I0123 14:19:28.687189   37672 dev.go:104] Listening on address (HTTP + gRPC): 127.0.0.1:50001
 {"metadata":{"emulator":{"name":"dataconnect"},"message":"I0123 14:19:28.687189   37672 dev.go:104] Listening on address (HTTP + gRPC): 127.0.0.1:50001\n"}}
[debug] [2026-01-23T20:19:28.748Z] <<< [apiv2][status] GET https://firebase.googleapis.com/v1beta1/projects 200
[debug] [2026-01-23T20:19:28.750Z] <<< [apiv2][body] GET https://firebase.googleapis.com/v1beta1/projects [omitted]
[error] [Firebase Plugin] error:  {}
[debug] [2026-01-23T20:19:38.625Z] E0123 14:19:38.590351   37672 watch.go:40] Failed to load config from "c:\\Users\\finan\\Gettupplanding-111\\dataconnect": could not find dataconnect.yaml in `c:\Users\finan\Gettupplanding-111\dataconnect`
 {"metadata":{"emulator":{"name":"dataconnect"},"message":"E0123 14:19:38.590351   37672 watch.go:40] Failed to load config from \"c:\\\\Users\\\\finan\\\\Gettupplanding-111\\\\dataconnect\": could not find dataconnect.yaml in `c:\\Users\\finan\\Gettupplanding-111\\dataconnect`\n"}}
[debug] [2026-01-23T20:19:56.720Z] E0123 14:19:48.601741   37672 watch.go:40] Failed to load config from "c:\\Users\\finan\\Gettupplanding-111\\dataconnect": could not find dataconnect.yaml in `c:\Users\finan\Gettupplanding-111\dataconnect`
 {"metadata":{"emulator":{"name":"dataconnect"},"message":"E0123 14:19:48.601741   37672 watch.go:40] Failed to load config from \"c:\\\\Users\\\\finan\\\\Gettupplanding-111\\\\dataconnect\": could not find dataconnect.yaml in `c:\\Users\\finan\\Gettupplanding-111\\dataconnect`\n"}}
[debug] [2026-01-23T20:20:00.751Z] E0123 14:19:58.597738   37672 watch.go:40] Failed to load config from "c:\\Users\\finan\\Gettupplanding-111\\dataconnect": could not find dataconnect.yaml in `c:\Users\finan\Gettupplanding-111\dataconnect`
 {"metadata":{"emulator":{"name":"dataconnect"},"message":"E0123 14:19:58.597738   37672 watch.go:40] Failed to load config from \"c:\\\\Users\\\\finan\\\\Gettupplanding-111\\\\dataconnect\": could not find dataconnect.yaml in `c:\\Users\\finan\\Gettupplanding-111\\dataconnect`\n"}}
[debug] [2026-01-23T20:20:08.870Z] E0123 14:20:08.590686   37672 watch.go:40] Failed to load config from "c:\\Users\\finan\\Gettupplanding-111\\dataconnect": could not find dataconnect.yaml in `c:\Users\finan\Gettupplanding-111\dataconnect`
 {"metadata":{"emulator":{"name":"dataconnect"},"message":"E0123 14:20:08.590686   37672 watch.go:40] Failed to load config from \"c:\\\\Users\\\\finan\\\\Gettupplanding-111\\\\dataconnect\": could not find dataconnect.yaml in `c:\\Users\\finan\\Gettupplanding-111\\dataconnect`\n"}}
[debug] [2026-01-23T20:20:18.948Z] E0123 14:20:18.592063   37672 watch.go:40] Failed to load config from "c:\\Users\\finan\\Gettupplanding-111\\dataconnect": could not find dataconnect.yaml in `c:\Users\finan\Gettupplanding-111\dataconnect`
 {"metadata":{"emulator":{"name":"dataconnect"},"message":"E0123 14:20:18.592063   37672 watch.go:40] Failed to load config from \"c:\\\\Users\\\\finan\\\\Gettupplanding-111\\\\dataconnect\": could not find dataconnect.yaml in `c:\\Users\\finan\\Gettupplanding-111\\dataconnect`\n"}}
[debug] [2026-01-23T20:20:29.285Z] E0123 14:20:28.590285   37672 watch.go:116] watchAllDir unable to walk dir `c:\Users\finan\Gettupplanding-111\dataconnect`: CreateFile c:\Users\finan\Gettupplanding-111\dataconnect: The system cannot find the file specified.
E0123 14:20:28.590970   37672 watch.go:40] Failed to load config from "c:\\Users\\finan\\Gettupplanding-111\\dataconnect": could not find dataconnect.yaml in `c:\Users\finan\Gettupplanding-111\dataconnect`
 {"metadata":{"emulator":{"name":"dataconnect"},"message":"E0123 14:20:28.590285   37672 watch.go:116] watchAllDir unable to walk dir `c:\\Users\\finan\\Gettupplanding-111\\dataconnect`: CreateFile c:\\Users\\finan\\Gettupplanding-111\\dataconnect: The system cannot find the file specified.\nE0123 14:20:28.590970   37672 watch.go:40] Failed to load config from \"c:\\\\Users\\\\finan\\\\Gettupplanding-111\\\\dataconnect\": could not find dataconnect.yaml in `c:\\Users\\finan\\Gettupplanding-111\\dataconnect`\n"}}
[debug] [2026-01-23T20:20:38.590Z] E0123 14:20:38.590511   37672 watch.go:40] Failed to load config from "c:\\Users\\finan\\Gettupplanding-111\\dataconnect": could not find dataconnect.yaml in `c:\Users\finan\Gettupplanding-111\dataconnect`
 {"metadata":{"emulator":{"name":"dataconnect"},"message":"E0123 14:20:38.590511   37672 watch.go:40] Failed to load config from \"c:\\\\Users\\\\finan\\\\Gettupplanding-111\\\\dataconnect\": could not find dataconnect.yaml in `c:\\Users\\finan\\Gettupplanding-111\\dataconnect`\n"}}
[debug] [2026-01-23T20:20:48.611Z] E0123 14:20:48.611617   37672 watch.go:40] Failed to load config from "c:\\Users\\finan\\Gettupplanding-111\\dataconnect": could not find dataconnect.yaml in `c:\Users\finan\Gettupplanding-111\dataconnect`
 {"metadata":{"emulator":{"name":"dataconnect"},"message":"E0123 14:20:48.611617   37672 watch.go:40] Failed to load config from \"c:\\\\Users\\\\finan\\\\Gettupplanding-111\\\\dataconnect\": could not find dataconnect.yaml in `c:\\Users\\finan\\Gettupplanding-111\\dataconnect`\n"}}
[debug] [2026-01-23T20:20:58.589Z] E0123 14:20:58.590206   37672 watch.go:40] Failed to load config from "c:\\Users\\finan\\Gettupplanding-111\\dataconnect": could not find dataconnect.yaml in `c:\Users\finan\Gettupplanding-111\dataconnect`
 {"metadata":{"emulator":{"name":"dataconnect"},"message":"E0123 14:20:58.590206   37672 watch.go:40] Failed to load config from \"c:\\\\Users\\\\finan\\\\Gettupplanding-111\\\\dataconnect\": could not find dataconnect.yaml in `c:\\Users\\finan\\Gettupplanding-111\\dataconnect`\n"}}
[debug] [2026-01-23T20:21:08.594Z] E0123 14:21:08.594120   37672 watch.go:40] Failed to load config from "c:\\Users\\finan\\Gettupplanding-111\\dataconnect": could not find dataconnect.yaml in `c:\Users\finan\Gettupplanding-111\dataconnect`
 {"metadata":{"emulator":{"name":"dataconnect"},"message":"E0123 14:21:08.594120   37672 watch.go:40] Failed to load config from \"c:\\\\Users\\\\finan\\\\Gettupplanding-111\\\\dataconnect\": could not find dataconnect.yaml in `c:\\Users\\finan\\Gettupplanding-111\\dataconnect`\n"}}
[debug] [2026-01-23T20:21:18.591Z] E0123 14:21:18.591056   37672 watch.go:40] Failed to load config from "c:\\Users\\finan\\Gettupplanding-111\\dataconnect": could not find dataconnect.yaml in `c:\Users\finan\Gettupplanding-111\dataconnect`
 {"metadata":{"emulator":{"name":"dataconnect"},"message":"E0123 14:21:18.591056   37672 watch.go:40] Failed to load config from \"c:\\\\Users\\\\finan\\\\Gettupplanding-111\\\\dataconnect\": could not find dataconnect.yaml in `c:\\Users\\finan\\Gettupplanding-111\\dataconnect`\n"}}
[debug] [2026-01-23T20:21:28.635Z] E0123 14:21:28.591198   37672 watch.go:116] watchAllDir unable to walk dir `c:\Users\finan\Gettupplanding-111\dataconnect`: CreateFile c:\Users\finan\Gettupplanding-111\dataconnect: The system cannot find the file specified.
 {"metadata":{"emulator":{"name":"dataconnect"},"message":"E0123 14:21:28.591198   37672 watch.go:116] watchAllDir unable to walk dir `c:\\Users\\finan\\Gettupplanding-111\\dataconnect`: CreateFile c:\\Users\\finan\\Gettupplanding-111\\dataconnect: The system cannot find the file specified.\n"}}
[debug] [2026-01-23T20:21:28.638Z] E0123 14:21:28.638889   37672 watch.go:40] Failed to load config from "c:\\Users\\finan\\Gettupplanding-111\\dataconnect": could not find dataconnect.yaml in `c:\Users\finan\Gettupplanding-111\dataconnect`
 {"metadata":{"emulator":{"name":"dataconnect"},"message":"E0123 14:21:28.638889   37672 watch.go:40] Failed to load config from \"c:\\\\Users\\\\finan\\\\Gettupplanding-111\\\\dataconnect\": could not find dataconnect.yaml in `c:\\Users\\finan\\Gettupplanding-111\\dataconnect`\n"}}
[debug] [2026-01-23T20:21:38.597Z] E0123 14:21:38.596138   37672 watch.go:40] Failed to load config from "c:\\Users\\finan\\Gettupplanding-111\\dataconnect": could not find dataconnect.yaml in `c:\Users\finan\Gettupplanding-111\dataconnect`
 {"metadata":{"emulator":{"name":"dataconnect"},"message":"E0123 14:21:38.596138   37672 watch.go:40] Failed to load config from \"c:\\\\Users\\\\finan\\\\Gettupplanding-111\\\\dataconnect\": could not find dataconnect.yaml in `c:\\Users\\finan\\Gettupplanding-111\\dataconnect`\n"}}
[debug] [2026-01-23T20:21:48.593Z] E0123 14:21:48.592589   37672 watch.go:40] Failed to load config from "c:\\Users\\finan\\Gettupplanding-111\\dataconnect": could not find dataconnect.yaml in `c:\Users\finan\Gettupplanding-111\dataconnect`
 {"metadata":{"emulator":{"name":"dataconnect"},"message":"E0123 14:21:48.592589   37672 watch.go:40] Failed to load config from \"c:\\\\Users\\\\finan\\\\Gettupplanding-111\\\\dataconnect\": could not find dataconnect.yaml in `c:\\Users\\finan\\Gettupplanding-111\\dataconnect`\n"}}
[debug] [2026-01-23T20:21:58.604Z] E0123 14:21:58.604546   37672 watch.go:40] Failed to load config from "c:\\Users\\finan\\Gettupplanding-111\\dataconnect": could not find dataconnect.yaml in `c:\Users\finan\Gettupplanding-111\dataconnect`
 {"metadata":{"emulator":{"name":"dataconnect"},"message":"E0123 14:21:58.604546   37672 watch.go:40] Failed to load config from \"c:\\\\Users\\\\finan\\\\Gettupplanding-111\\\\dataconnect\": could not find dataconnect.yaml in `c:\\Users\\finan\\Gettupplanding-111\\dataconnect`\n"}}
[debug] [2026-01-23T20:22:08.609Z] E0123 14:22:08.608687   37672 watch.go:40] Failed to load config from "c:\\Users\\finan\\Gettupplanding-111\\dataconnect": could not find dataconnect.yaml in `c:\Users\finan\Gettupplanding-111\dataconnect`
 {"metadata":{"emulator":{"name":"dataconnect"},"message":"E0123 14:22:08.608687   37672 watch.go:40] Failed to load config from \"c:\\\\Users\\\\finan\\\\Gettupplanding-111\\\\dataconnect\": could not find dataconnect.yaml in `c:\\Users\\finan\\Gettupplanding-111\\dataconnect`\n"}}
[debug] [2026-01-23T20:22:18.590Z] E0123 14:22:18.590666   37672 watch.go:40] Failed to load config from "c:\\Users\\finan\\Gettupplanding-111\\dataconnect": could not find dataconnect.yaml in `c:\Users\finan\Gettupplanding-111\dataconnect`
 {"metadata":{"emulator":{"name":"dataconnect"},"message":"E0123 14:22:18.590666   37672 watch.go:40] Failed to load config from \"c:\\\\Users\\\\finan\\\\Gettupplanding-111\\\\dataconnect\": could not find dataconnect.yaml in `c:\\Users\\finan\\Gettupplanding-111\\dataconnect`\n"}}
[debug] [2026-01-23T20:22:28.599Z] E0123 14:22:28.594769   37672 watch.go:40] Failed to load config from "c:\\Users\\finan\\Gettupplanding-111\\dataconnect": could not find dataconnect.yaml in `c:\Users\finan\Gettupplanding-111\dataconnect`
E0123 14:22:28.594769   37672 watch.go:116] watchAllDir unable to walk dir `c:\Users\finan\Gettupplanding-111\dataconnect`: CreateFile c:\Users\finan\Gettupplanding-111\dataconnect: The system cannot find the file specified.
 {"metadata":{"emulator":{"name":"dataconnect"},"message":"E0123 14:22:28.594769   37672 watch.go:40] Failed to load config from \"c:\\\\Users\\\\finan\\\\Gettupplanding-111\\\\dataconnect\": could not find dataconnect.yaml in `c:\\Users\\finan\\Gettupplanding-111\\dataconnect`\nE0123 14:22:28.594769   37672 watch.go:116] watchAllDir unable to walk dir `c:\\Users\\finan\\Gettupplanding-111\\dataconnect`: CreateFile c:\\Users\\finan\\Gettupplanding-111\\dataconnect: The system cannot find the file specified.\n"}}
[debug] [2026-01-23T20:22:38.592Z] E0123 14:22:38.591136   37672 watch.go:40] Failed to load config from "c:\\Users\\finan\\Gettupplanding-111\\dataconnect": could not find dataconnect.yaml in `c:\Users\finan\Gettupplanding-111\dataconnect`
 {"metadata":{"emulator":{"name":"dataconnect"},"message":"E0123 14:22:38.591136   37672 watch.go:40] Failed to load config from \"c:\\\\Users\\\\finan\\\\Gettupplanding-111\\\\dataconnect\": could not find dataconnect.yaml in `c:\\Users\\finan\\Gettupplanding-111\\dataconnect`\n"}}
[debug] [2026-01-23T20:22:48.597Z] E0123 14:22:48.596193   37672 watch.go:40] Failed to load config from "c:\\Users\\finan\\Gettupplanding-111\\dataconnect": could not find dataconnect.yaml in `c:\Users\finan\Gettupplanding-111\dataconnect`
 {"metadata":{"emulator":{"name":"dataconnect"},"message":"E0123 14:22:48.596193   37672 watch.go:40] Failed to load config from \"c:\\\\Users\\\\finan\\\\Gettupplanding-111\\\\dataconnect\": could not find dataconnect.yaml in `c:\\Users\\finan\\Gettupplanding-111\\dataconnect`\n"}}
[debug] [2026-01-23T20:22:58.596Z] E0123 14:22:58.591328   37672 watch.go:40] Failed to load config from "c:\\Users\\finan\\Gettupplanding-111\\dataconnect": could not find dataconnect.yaml in `c:\Users\finan\Gettupplanding-111\dataconnect`
 {"metadata":{"emulator":{"name":"dataconnect"},"message":"E0123 14:22:58.591328   37672 watch.go:40] Failed to load config from \"c:\\\\Users\\\\finan\\\\Gettupplanding-111\\\\dataconnect\": could not find dataconnect.yaml in `c:\\Users\\finan\\Gettupplanding-111\\dataconnect`\n"}}
[debug] [2026-01-23T20:23:09.453Z] E0123 14:23:09.260074   37672 watch.go:40] Failed to load config from "c:\\Users\\finan\\Gettupplanding-111\\dataconnect": could not find dataconnect.yaml in `c:\Users\finan\Gettupplanding-111\dataconnect`
 {"metadata":{"emulator":{"name":"dataconnect"},"message":"E0123 14:23:09.260074   37672 watch.go:40] Failed to load config from \"c:\\\\Users\\\\finan\\\\Gettupplanding-111\\\\dataconnect\": could not find dataconnect.yaml in `c:\\Users\\finan\\Gettupplanding-111\\dataconnect`\n"}}
[debug] [2026-01-23T20:23:18.598Z] E0123 14:23:18.592102   37672 watch.go:40] Failed to load config from "c:\\Users\\finan\\Gettupplanding-111\\dataconnect": could not find dataconnect.yaml in `c:\Users\finan\Gettupplanding-111\dataconnect`
 {"metadata":{"emulator":{"name":"dataconnect"},"message":"E0123 14:23:18.592102   37672 watch.go:40] Failed to load config from \"c:\\\\Users\\\\finan\\\\Gettupplanding-111\\\\dataconnect\": could not find dataconnect.yaml in `c:\\Users\\finan\\Gettupplanding-111\\dataconnect`\n"}}
[debug] [2026-01-23T20:23:28.709Z] E0123 14:23:28.591037   37672 watch.go:116] watchAllDir unable to walk dir `c:\Users\finan\Gettupplanding-111\dataconnect`: CreateFile c:\Users\finan\Gettupplanding-111\dataconnect: The system cannot find the file specified.
E0123 14:23:28.592038   37672 watch.go:40] Failed to load config from "c:\\Users\\finan\\Gettupplanding-111\\dataconnect": could not find dataconnect.yaml in `c:\Users\finan\Gettupplanding-111\dataconnect`
 {"metadata":{"emulator":{"name":"dataconnect"},"message":"E0123 14:23:28.591037   37672 watch.go:116] watchAllDir unable to walk dir `c:\\Users\\finan\\Gettupplanding-111\\dataconnect`: CreateFile c:\\Users\\finan\\Gettupplanding-111\\dataconnect: The system cannot find the file specified.\nE0123 14:23:28.592038   37672 watch.go:40] Failed to load config from \"c:\\\\Users\\\\finan\\\\Gettupplanding-111\\\\dataconnect\": could not find dataconnect.yaml in `c:\\Users\\finan\\Gettupplanding-111\\dataconnect`\n"}}
[debug] [2026-01-23T20:23:38.641Z] E0123 14:23:38.638214   37672 watch.go:40] Failed to load config from "c:\\Users\\finan\\Gettupplanding-111\\dataconnect": could not find dataconnect.yaml in `c:\Users\finan\Gettupplanding-111\dataconnect`
 {"metadata":{"emulator":{"name":"dataconnect"},"message":"E0123 14:23:38.638214   37672 watch.go:40] Failed to load config from \"c:\\\\Users\\\\finan\\\\Gettupplanding-111\\\\dataconnect\": could not find dataconnect.yaml in `c:\\Users\\finan\\Gettupplanding-111\\dataconnect`\n"}}
[debug] [2026-01-23T20:23:48.599Z] E0123 14:23:48.595394   37672 watch.go:40] Failed to load config from "c:\\Users\\finan\\Gettupplanding-111\\dataconnect": could not find dataconnect.yaml in `c:\Users\finan\Gettupplanding-111\dataconnect`
 {"metadata":{"emulator":{"name":"dataconnect"},"message":"E0123 14:23:48.595394   37672 watch.go:40] Failed to load config from \"c:\\\\Users\\\\finan\\\\Gettupplanding-111\\\\dataconnect\": could not find dataconnect.yaml in `c:\\Users\\finan\\Gettupplanding-111\\dataconnect`\n"}}
[debug] [2026-01-23T20:23:58.591Z] E0123 14:23:58.591813   37672 watch.go:40] Failed to load config from "c:\\Users\\finan\\Gettupplanding-111\\dataconnect": could not find dataconnect.yaml in `c:\Users\finan\Gettupplanding-111\dataconnect`
 {"metadata":{"emulator":{"name":"dataconnect"},"message":"E0123 14:23:58.591813   37672 watch.go:40] Failed to load config from \"c:\\\\Users\\\\finan\\\\Gettupplanding-111\\\\dataconnect\": could not find dataconnect.yaml in `c:\\Users\\finan\\Gettupplanding-111\\dataconnect`\n"}}
[debug] [2026-01-23T20:24:08.594Z] E0123 14:24:08.591970   37672 watch.go:40] Failed to load config from "c:\\Users\\finan\\Gettupplanding-111\\dataconnect": could not find dataconnect.yaml in `c:\Users\finan\Gettupplanding-111\dataconnect`
 {"metadata":{"emulator":{"name":"dataconnect"},"message":"E0123 14:24:08.591970   37672 watch.go:40] Failed to load config from \"c:\\\\Users\\\\finan\\\\Gettupplanding-111\\\\dataconnect\": could not find dataconnect.yaml in `c:\\Users\\finan\\Gettupplanding-111\\dataconnect`\n"}}
[debug] [2026-01-23T20:24:18.591Z] E0123 14:24:18.591596   37672 watch.go:40] Failed to load config from "c:\\Users\\finan\\Gettupplanding-111\\dataconnect": could not find dataconnect.yaml in `c:\Users\finan\Gettupplanding-111\dataconnect`
 {"metadata":{"emulator":{"name":"dataconnect"},"message":"E0123 14:24:18.591596   37672 watch.go:40] Failed to load config from \"c:\\\\Users\\\\finan\\\\Gettupplanding-111\\\\dataconnect\": could not find dataconnect.yaml in `c:\\Users\\finan\\Gettupplanding-111\\dataconnect`\n"}}
[debug] [2026-01-23T20:24:28.589Z] E0123 14:24:28.589394   37672 watch.go:116] watchAllDir unable to walk dir `c:\Users\finan\Gettupplanding-111\dataconnect`: CreateFile c:\Users\finan\Gettupplanding-111\dataconnect: The system cannot find the file specified.
 {"metadata":{"emulator":{"name":"dataconnect"},"message":"E0123 14:24:28.589394   37672 watch.go:116] watchAllDir unable to walk dir `c:\\Users\\finan\\Gettupplanding-111\\dataconnect`: CreateFile c:\\Users\\finan\\Gettupplanding-111\\dataconnect: The system cannot find the file specified.\n"}}
[debug] [2026-01-23T20:24:28.599Z] E0123 14:24:28.598033   37672 watch.go:40] Failed to load config from "c:\\Users\\finan\\Gettupplanding-111\\dataconnect": could not find dataconnect.yaml in `c:\Users\finan\Gettupplanding-111\dataconnect`
 {"metadata":{"emulator":{"name":"dataconnect"},"message":"E0123 14:24:28.598033   37672 watch.go:40] Failed to load config from \"c:\\\\Users\\\\finan\\\\Gettupplanding-111\\\\dataconnect\": could not find dataconnect.yaml in `c:\\Users\\finan\\Gettupplanding-111\\dataconnect`\n"}}
[debug] [2026-01-23T20:24:38.595Z] E0123 14:24:38.592701   37672 watch.go:40] Failed to load config from "c:\\Users\\finan\\Gettupplanding-111\\dataconnect": could not find dataconnect.yaml in `c:\Users\finan\Gettupplanding-111\dataconnect`
 {"metadata":{"emulator":{"name":"dataconnect"},"message":"E0123 14:24:38.592701   37672 watch.go:40] Failed to load config from \"c:\\\\Users\\\\finan\\\\Gettupplanding-111\\\\dataconnect\": could not find dataconnect.yaml in `c:\\Users\\finan\\Gettupplanding-111\\dataconnect`\n"}}
[debug] [2026-01-23T20:24:48.593Z] E0123 14:24:48.592706   37672 watch.go:40] Failed to load config from "c:\\Users\\finan\\Gettupplanding-111\\dataconnect": could not find dataconnect.yaml in `c:\Users\finan\Gettupplanding-111\dataconnect`
 {"metadata":{"emulator":{"name":"dataconnect"},"message":"E0123 14:24:48.592706   37672 watch.go:40] Failed to load config from \"c:\\\\Users\\\\finan\\\\Gettupplanding-111\\\\dataconnect\": could not find dataconnect.yaml in `c:\\Users\\finan\\Gettupplanding-111\\dataconnect`\n"}}
[debug] [2026-01-23T20:24:58.593Z] E0123 14:24:58.592540   37672 watch.go:40] Failed to load config from "c:\\Users\\finan\\Gettupplanding-111\\dataconnect": could not find dataconnect.yaml in `c:\Users\finan\Gettupplanding-111\dataconnect`
 {"metadata":{"emulator":{"name":"dataconnect"},"message":"E0123 14:24:58.592540   37672 watch.go:40] Failed to load config from \"c:\\\\Users\\\\finan\\\\Gettupplanding-111\\\\dataconnect\": could not find dataconnect.yaml in `c:\\Users\\finan\\Gettupplanding-111\\dataconnect`\n"}}
[debug] [2026-01-23T20:25:08.598Z] E0123 14:25:08.593236   37672 watch.go:40] Failed to load config from "c:\\Users\\finan\\Gettupplanding-111\\dataconnect": could not find dataconnect.yaml in `c:\Users\finan\Gettupplanding-111\dataconnect`
 {"metadata":{"emulator":{"name":"dataconnect"},"message":"E0123 14:25:08.593236   37672 watch.go:40] Failed to load config from \"c:\\\\Users\\\\finan\\\\Gettupplanding-111\\\\dataconnect\": could not find dataconnect.yaml in `c:\\Users\\finan\\Gettupplanding-111\\dataconnect`\n"}}
[debug] [2026-01-23T20:25:18.592Z] E0123 14:25:18.591889   37672 watch.go:40] Failed to load config from "c:\\Users\\finan\\Gettupplanding-111\\dataconnect": could not find dataconnect.yaml in `c:\Users\finan\Gettupplanding-111\dataconnect`
 {"metadata":{"emulator":{"name":"dataconnect"},"message":"E0123 14:25:18.591889   37672 watch.go:40] Failed to load config from \"c:\\\\Users\\\\finan\\\\Gettupplanding-111\\\\dataconnect\": could not find dataconnect.yaml in `c:\\Users\\finan\\Gettupplanding-111\\dataconnect`\n"}}
[debug] [2026-01-23T20:25:28.592Z] E0123 14:25:28.592524   37672 watch.go:116] watchAllDir unable to walk dir `c:\Users\finan\Gettupplanding-111\dataconnect`: CreateFile c:\Users\finan\Gettupplanding-111\dataconnect: The system cannot find the file specified.
 {"metadata":{"emulator":{"name":"dataconnect"},"message":"E0123 14:25:28.592524   37672 watch.go:116] watchAllDir unable to walk dir `c:\\Users\\finan\\Gettupplanding-111\\dataconnect`: CreateFile c:\\Users\\finan\\Gettupplanding-111\\dataconnect: The system cannot find the file specified.\n"}}
[debug] [2026-01-23T20:25:28.594Z] E0123 14:25:28.594524   37672 watch.go:40] Failed to load config from "c:\\Users\\finan\\Gettupplanding-111\\dataconnect": could not find dataconnect.yaml in `c:\Users\finan\Gettupplanding-111\dataconnect`
 {"metadata":{"emulator":{"name":"dataconnect"},"message":"E0123 14:25:28.594524   37672 watch.go:40] Failed to load config from \"c:\\\\Users\\\\finan\\\\Gettupplanding-111\\\\dataconnect\": could not find dataconnect.yaml in `c:\\Users\\finan\\Gettupplanding-111\\dataconnect`\n"}}
[debug] [2026-01-23T20:25:38.591Z] E0123 14:25:38.592518   37672 watch.go:40] Failed to load config from "c:\\Users\\finan\\Gettupplanding-111\\dataconnect": could not find dataconnect.yaml in `c:\Users\finan\Gettupplanding-111\dataconnect`
 {"metadata":{"emulator":{"name":"dataconnect"},"message":"E0123 14:25:38.592518   37672 watch.go:40] Failed to load config from \"c:\\\\Users\\\\finan\\\\Gettupplanding-111\\\\dataconnect\": could not find dataconnect.yaml in `c:\\Users\\finan\\Gettupplanding-111\\dataconnect`\n"}}
[debug] [2026-01-23T20:25:48.593Z] E0123 14:25:48.593281   37672 watch.go:40] Failed to load config from "c:\\Users\\finan\\Gettupplanding-111\\dataconnect": could not find dataconnect.yaml in `c:\Users\finan\Gettupplanding-111\dataconnect`
 {"metadata":{"emulator":{"name":"dataconnect"},"message":"E0123 14:25:48.593281   37672 watch.go:40] Failed to load config from \"c:\\\\Users\\\\finan\\\\Gettupplanding-111\\\\dataconnect\": could not find dataconnect.yaml in `c:\\Users\\finan\\Gettupplanding-111\\dataconnect`\n"}}
[debug] [2026-01-23T20:25:58.592Z] E0123 14:25:58.593270   37672 watch.go:40] Failed to load config from "c:\\Users\\finan\\Gettupplanding-111\\dataconnect": could not find dataconnect.yaml in `c:\Users\finan\Gettupplanding-111\dataconnect`
 {"metadata":{"emulator":{"name":"dataconnect"},"message":"E0123 14:25:58.593270   37672 watch.go:40] Failed to load config from \"c:\\\\Users\\\\finan\\\\Gettupplanding-111\\\\dataconnect\": could not find dataconnect.yaml in `c:\\Users\\finan\\Gettupplanding-111\\dataconnect`\n"}}
[debug] [2026-01-23T20:26:08.590Z] E0123 14:26:08.590118   37672 watch.go:40] Failed to load config from "c:\\Users\\finan\\Gettupplanding-111\\dataconnect": could not find dataconnect.yaml in `c:\Users\finan\Gettupplanding-111\dataconnect`
 {"metadata":{"emulator":{"name":"dataconnect"},"message":"E0123 14:26:08.590118   37672 watch.go:40] Failed to load config from \"c:\\\\Users\\\\finan\\\\Gettupplanding-111\\\\dataconnect\": could not find dataconnect.yaml in `c:\\Users\\finan\\Gettupplanding-111\\dataconnect`\n"}}
[debug] [2026-01-23T20:26:18.595Z] E0123 14:26:18.592747   37672 watch.go:40] Failed to load config from "c:\\Users\\finan\\Gettupplanding-111\\dataconnect": could not find dataconnect.yaml in `c:\Users\finan\Gettupplanding-111\dataconnect`
 {"metadata":{"emulator":{"name":"dataconnect"},"message":"E0123 14:26:18.592747   37672 watch.go:40] Failed to load config from \"c:\\\\Users\\\\finan\\\\Gettupplanding-111\\\\dataconnect\": could not find dataconnect.yaml in `c:\\Users\\finan\\Gettupplanding-111\\dataconnect`\n"}}
[debug] [2026-01-23T20:26:28.591Z] E0123 14:26:28.591820   37672 watch.go:116] watchAllDir unable to walk dir `c:\Users\finan\Gettupplanding-111\dataconnect`: CreateFile c:\Users\finan\Gettupplanding-111\dataconnect: The system cannot find the file specified.
 {"metadata":{"emulator":{"name":"dataconnect"},"message":"E0123 14:26:28.591820   37672 watch.go:116] watchAllDir unable to walk dir `c:\\Users\\finan\\Gettupplanding-111\\dataconnect`: CreateFile c:\\Users\\finan\\Gettupplanding-111\\dataconnect: The system cannot find the file specified.\n"}}
[debug] [2026-01-23T20:26:28.595Z] E0123 14:26:28.592796   37672 watch.go:40] Failed to load config from "c:\\Users\\finan\\Gettupplanding-111\\dataconnect": could not find dataconnect.yaml in `c:\Users\finan\Gettupplanding-111\dataconnect`
 {"metadata":{"emulator":{"name":"dataconnect"},"message":"E0123 14:26:28.592796   37672 watch.go:40] Failed to load config from \"c:\\\\Users\\\\finan\\\\Gettupplanding-111\\\\dataconnect\": could not find dataconnect.yaml in `c:\\Users\\finan\\Gettupplanding-111\\dataconnect`\n"}}
[debug] [2026-01-23T20:26:38.590Z] E0123 14:26:38.590204   37672 watch.go:40] Failed to load config from "c:\\Users\\finan\\Gettupplanding-111\\dataconnect": could not find dataconnect.yaml in `c:\Users\finan\Gettupplanding-111\dataconnect`
 {"metadata":{"emulator":{"name":"dataconnect"},"message":"E0123 14:26:38.590204   37672 watch.go:40] Failed to load config from \"c:\\\\Users\\\\finan\\\\Gettupplanding-111\\\\dataconnect\": could not find dataconnect.yaml in `c:\\Users\\finan\\Gettupplanding-111\\dataconnect`\n"}}
[debug] [2026-01-23T20:26:48.594Z] E0123 14:26:48.593454   37672 watch.go:40] Failed to load config from "c:\\Users\\finan\\Gettupplanding-111\\dataconnect": could not find dataconnect.yaml in `c:\Users\finan\Gettupplanding-111\dataconnect`
 {"metadata":{"emulator":{"name":"dataconnect"},"message":"E0123 14:26:48.593454   37672 watch.go:40] Failed to load config from \"c:\\\\Users\\\\finan\\\\Gettupplanding-111\\\\dataconnect\": could not find dataconnect.yaml in `c:\\Users\\finan\\Gettupplanding-111\\dataconnect`\n"}}
[debug] [2026-01-23T20:26:58.590Z] E0123 14:26:58.590234   37672 watch.go:40] Failed to load config from "c:\\Users\\finan\\Gettupplanding-111\\dataconnect": could not find dataconnect.yaml in `c:\Users\finan\Gettupplanding-111\dataconnect`
 {"metadata":{"emulator":{"name":"dataconnect"},"message":"E0123 14:26:58.590234   37672 watch.go:40] Failed to load config from \"c:\\\\Users\\\\finan\\\\Gettupplanding-111\\\\dataconnect\": could not find dataconnect.yaml in `c:\\Users\\finan\\Gettupplanding-111\\dataconnect`\n"}}
[debug] [2026-01-23T20:27:08.594Z] E0123 14:27:08.594297   37672 watch.go:40] Failed to load config from "c:\\Users\\finan\\Gettupplanding-111\\dataconnect": could not find dataconnect.yaml in `c:\Users\finan\Gettupplanding-111\dataconnect`
 {"metadata":{"emulator":{"name":"dataconnect"},"message":"E0123 14:27:08.594297   37672 watch.go:40] Failed to load config from \"c:\\\\Users\\\\finan\\\\Gettupplanding-111\\\\dataconnect\": could not find dataconnect.yaml in `c:\\Users\\finan\\Gettupplanding-111\\dataconnect`\n"}}
[debug] [2026-01-23T20:27:18.594Z] E0123 14:27:18.594015   37672 watch.go:40] Failed to load config from "c:\\Users\\finan\\Gettupplanding-111\\dataconnect": could not find dataconnect.yaml in `c:\Users\finan\Gettupplanding-111\dataconnect`
 {"metadata":{"emulator":{"name":"dataconnect"},"message":"E0123 14:27:18.594015   37672 watch.go:40] Failed to load config from \"c:\\\\Users\\\\finan\\\\Gettupplanding-111\\\\dataconnect\": could not find dataconnect.yaml in `c:\\Users\\finan\\Gettupplanding-111\\dataconnect`\n"}}
[debug] [2026-01-23T20:27:28.588Z] E0123 14:27:28.588996   37672 watch.go:116] watchAllDir unable to walk dir `c:\Users\finan\Gettupplanding-111\dataconnect`: CreateFile c:\Users\finan\Gettupplanding-111\dataconnect: The system cannot find the file specified.
 {"metadata":{"emulator":{"name":"dataconnect"},"message":"E0123 14:27:28.588996   37672 watch.go:116] watchAllDir unable to walk dir `c:\\Users\\finan\\Gettupplanding-111\\dataconnect`: CreateFile c:\\Users\\finan\\Gettupplanding-111\\dataconnect: The system cannot find the file specified.\n"}}
[debug] [2026-01-23T20:27:28.590Z] E0123 14:27:28.590787   37672 watch.go:40] Failed to load config from "c:\\Users\\finan\\Gettupplanding-111\\dataconnect": could not find dataconnect.yaml in `c:\Users\finan\Gettupplanding-111\dataconnect`
 {"metadata":{"emulator":{"name":"dataconnect"},"message":"E0123 14:27:28.590787   37672 watch.go:40] Failed to load config from \"c:\\\\Users\\\\finan\\\\Gettupplanding-111\\\\dataconnect\": could not find dataconnect.yaml in `c:\\Users\\finan\\Gettupplanding-111\\dataconnect`\n"}}
[debug] [2026-01-23T20:27:38.590Z] E0123 14:27:38.591641   37672 watch.go:40] Failed to load config from "c:\\Users\\finan\\Gettupplanding-111\\dataconnect": could not find dataconnect.yaml in `c:\Users\finan\Gettupplanding-111\dataconnect`
 {"metadata":{"emulator":{"name":"dataconnect"},"message":"E0123 14:27:38.591641   37672 watch.go:40] Failed to load config from \"c:\\\\Users\\\\finan\\\\Gettupplanding-111\\\\dataconnect\": could not find dataconnect.yaml in `c:\\Users\\finan\\Gettupplanding-111\\dataconnect`\n"}}
[debug] [2026-01-23T20:27:48.589Z] E0123 14:27:48.589720   37672 watch.go:40] Failed to load config from "c:\\Users\\finan\\Gettupplanding-111\\dataconnect": could not find dataconnect.yaml in `c:\Users\finan\Gettupplanding-111\dataconnect`
 {"metadata":{"emulator":{"name":"dataconnect"},"message":"E0123 14:27:48.589720   37672 watch.go:40] Failed to load config from \"c:\\\\Users\\\\finan\\\\Gettupplanding-111\\\\dataconnect\": could not find dataconnect.yaml in `c:\\Users\\finan\\Gettupplanding-111\\dataconnect`\n"}}
[debug] [2026-01-23T20:27:58.592Z] E0123 14:27:58.593690   37672 watch.go:40] Failed to load config from "c:\\Users\\finan\\Gettupplanding-111\\dataconnect": could not find dataconnect.yaml in `c:\Users\finan\Gettupplanding-111\dataconnect`
 {"metadata":{"emulator":{"name":"dataconnect"},"message":"E0123 14:27:58.593690   37672 watch.go:40] Failed to load config from \"c:\\\\Users\\\\finan\\\\Gettupplanding-111\\\\dataconnect\": could not find dataconnect.yaml in `c:\\Users\\finan\\Gettupplanding-111\\dataconnect`\n"}}
[debug] [2026-01-23T20:28:08.590Z] E0123 14:28:08.590984   37672 watch.go:40] Failed to load config from "c:\\Users\\finan\\Gettupplanding-111\\dataconnect": could not find dataconnect.yaml in `c:\Users\finan\Gettupplanding-111\dataconnect`
 {"metadata":{"emulator":{"name":"dataconnect"},"message":"E0123 14:28:08.590984   37672 watch.go:40] Failed to load config from \"c:\\\\Users\\\\finan\\\\Gettupplanding-111\\\\dataconnect\": could not find dataconnect.yaml in `c:\\Users\\finan\\Gettupplanding-111\\dataconnect`\n"}}
[debug] [2026-01-23T20:28:18.590Z] E0123 14:28:18.591572   37672 watch.go:40] Failed to load config from "c:\\Users\\finan\\Gettupplanding-111\\dataconnect": could not find dataconnect.yaml in `c:\Users\finan\Gettupplanding-111\dataconnect`
 {"metadata":{"emulator":{"name":"dataconnect"},"message":"E0123 14:28:18.591572   37672 watch.go:40] Failed to load config from \"c:\\\\Users\\\\finan\\\\Gettupplanding-111\\\\dataconnect\": could not find dataconnect.yaml in `c:\\Users\\finan\\Gettupplanding-111\\dataconnect`\n"}}
[debug] [2026-01-23T20:28:28.591Z] E0123 14:28:28.591000   37672 watch.go:116] watchAllDir unable to walk dir `c:\Users\finan\Gettupplanding-111\dataconnect`: CreateFile c:\Users\finan\Gettupplanding-111\dataconnect: The system cannot find the file specified.
 {"metadata":{"emulator":{"name":"dataconnect"},"message":"E0123 14:28:28.591000   37672 watch.go:116] watchAllDir unable to walk dir `c:\\Users\\finan\\Gettupplanding-111\\dataconnect`: CreateFile c:\\Users\\finan\\Gettupplanding-111\\dataconnect: The system cannot find the file specified.\n"}}
[debug] [2026-01-23T20:28:28.593Z] E0123 14:28:28.591907   37672 watch.go:40] Failed to load config from "c:\\Users\\finan\\Gettupplanding-111\\dataconnect": could not find dataconnect.yaml in `c:\Users\finan\Gettupplanding-111\dataconnect`
 {"metadata":{"emulator":{"name":"dataconnect"},"message":"E0123 14:28:28.591907   37672 watch.go:40] Failed to load config from \"c:\\\\Users\\\\finan\\\\Gettupplanding-111\\\\dataconnect\": could not find dataconnect.yaml in `c:\\Users\\finan\\Gettupplanding-111\\dataconnect`\n"}}
[debug] [2026-01-23T20:28:38.590Z] E0123 14:28:38.590137   37672 watch.go:40] Failed to load config from "c:\\Users\\finan\\Gettupplanding-111\\dataconnect": could not find dataconnect.yaml in `c:\Users\finan\Gettupplanding-111\dataconnect`
 {"metadata":{"emulator":{"name":"dataconnect"},"message":"E0123 14:28:38.590137   37672 watch.go:40] Failed to load config from \"c:\\\\Users\\\\finan\\\\Gettupplanding-111\\\\dataconnect\": could not find dataconnect.yaml in `c:\\Users\\finan\\Gettupplanding-111\\dataconnect`\n"}}
[debug] [2026-01-23T20:28:48.590Z] E0123 14:28:48.589639   37672 watch.go:40] Failed to load config from "c:\\Users\\finan\\Gettupplanding-111\\dataconnect": could not find dataconnect.yaml in `c:\Users\finan\Gettupplanding-111\dataconnect`
 {"metadata":{"emulator":{"name":"dataconnect"},"message":"E0123 14:28:48.589639   37672 watch.go:40] Failed to load config from \"c:\\\\Users\\\\finan\\\\Gettupplanding-111\\\\dataconnect\": could not find dataconnect.yaml in `c:\\Users\\finan\\Gettupplanding-111\\dataconnect`\n"}}
[debug] [2026-01-23T20:28:58.590Z] E0123 14:28:58.589789   37672 watch.go:40] Failed to load config from "c:\\Users\\finan\\Gettupplanding-111\\dataconnect": could not find dataconnect.yaml in `c:\Users\finan\Gettupplanding-111\dataconnect`
 {"metadata":{"emulator":{"name":"dataconnect"},"message":"E0123 14:28:58.589789   37672 watch.go:40] Failed to load config from \"c:\\\\Users\\\\finan\\\\Gettupplanding-111\\\\dataconnect\": could not find dataconnect.yaml in `c:\\Users\\finan\\Gettupplanding-111\\dataconnect`\n"}}
[debug] [2026-01-23T20:29:08.614Z] E0123 14:29:08.613018   37672 watch.go:40] Failed to load config from "c:\\Users\\finan\\Gettupplanding-111\\dataconnect": could not find dataconnect.yaml in `c:\Users\finan\Gettupplanding-111\dataconnect`
 {"metadata":{"emulator":{"name":"dataconnect"},"message":"E0123 14:29:08.613018   37672 watch.go:40] Failed to load config from \"c:\\\\Users\\\\finan\\\\Gettupplanding-111\\\\dataconnect\": could not find dataconnect.yaml in `c:\\Users\\finan\\Gettupplanding-111\\dataconnect`\n"}}
[debug] [2026-01-23T20:29:18.593Z] E0123 14:29:18.593195   37672 watch.go:40] Failed to load config from "c:\\Users\\finan\\Gettupplanding-111\\dataconnect": could not find dataconnect.yaml in `c:\Users\finan\Gettupplanding-111\dataconnect`
 {"metadata":{"emulator":{"name":"dataconnect"},"message":"E0123 14:29:18.593195   37672 watch.go:40] Failed to load config from \"c:\\\\Users\\\\finan\\\\Gettupplanding-111\\\\dataconnect\": could not find dataconnect.yaml in `c:\\Users\\finan\\Gettupplanding-111\\dataconnect`\n"}}
[debug] [2026-01-23T20:29:28.590Z] E0123 14:29:28.590702   37672 watch.go:116] watchAllDir unable to walk dir `c:\Users\finan\Gettupplanding-111\dataconnect`: CreateFile c:\Users\finan\Gettupplanding-111\dataconnect: The system cannot find the file specified.
 {"metadata":{"emulator":{"name":"dataconnect"},"message":"E0123 14:29:28.590702   37672 watch.go:116] watchAllDir unable to walk dir `c:\\Users\\finan\\Gettupplanding-111\\dataconnect`: CreateFile c:\\Users\\finan\\Gettupplanding-111\\dataconnect: The system cannot find the file specified.\n"}}
[debug] [2026-01-23T20:29:28.593Z] E0123 14:29:28.590702   37672 watch.go:40] Failed to load config from "c:\\Users\\finan\\Gettupplanding-111\\dataconnect": could not find dataconnect.yaml in `c:\Users\finan\Gettupplanding-111\dataconnect`
 {"metadata":{"emulator":{"name":"dataconnect"},"message":"E0123 14:29:28.590702   37672 watch.go:40] Failed to load config from \"c:\\\\Users\\\\finan\\\\Gettupplanding-111\\\\dataconnect\": could not find dataconnect.yaml in `c:\\Users\\finan\\Gettupplanding-111\\dataconnect`\n"}}
[debug] [2026-01-23T20:29:38.589Z] E0123 14:29:38.589893   37672 watch.go:40] Failed to load config from "c:\\Users\\finan\\Gettupplanding-111\\dataconnect": could not find dataconnect.yaml in `c:\Users\finan\Gettupplanding-111\dataconnect`
 {"metadata":{"emulator":{"name":"dataconnect"},"message":"E0123 14:29:38.589893   37672 watch.go:40] Failed to load config from \"c:\\\\Users\\\\finan\\\\Gettupplanding-111\\\\dataconnect\": could not find dataconnect.yaml in `c:\\Users\\finan\\Gettupplanding-111\\dataconnect`\n"}}
[debug] [2026-01-23T20:29:48.632Z] E0123 14:29:48.632683   37672 watch.go:40] Failed to load config from "c:\\Users\\finan\\Gettupplanding-111\\dataconnect": could not find dataconnect.yaml in `c:\Users\finan\Gettupplanding-111\dataconnect`
 {"metadata":{"emulator":{"name":"dataconnect"},"message":"E0123 14:29:48.632683   37672 watch.go:40] Failed to load config from \"c:\\\\Users\\\\finan\\\\Gettupplanding-111\\\\dataconnect\": could not find dataconnect.yaml in `c:\\Users\\finan\\Gettupplanding-111\\dataconnect`\n"}}
[debug] [2026-01-23T20:29:58.708Z] E0123 14:29:58.708595   37672 watch.go:40] Failed to load config from "c:\\Users\\finan\\Gettupplanding-111\\dataconnect": could not find dataconnect.yaml in `c:\Users\finan\Gettupplanding-111\dataconnect`
 {"metadata":{"emulator":{"name":"dataconnect"},"message":"E0123 14:29:58.708595   37672 watch.go:40] Failed to load config from \"c:\\\\Users\\\\finan\\\\Gettupplanding-111\\\\dataconnect\": could not find dataconnect.yaml in `c:\\Users\\finan\\Gettupplanding-111\\dataconnect`\n"}}
[debug] [2026-01-23T20:30:08.594Z] E0123 14:30:08.594979   37672 watch.go:40] Failed to load config from "c:\\Users\\finan\\Gettupplanding-111\\dataconnect": could not find dataconnect.yaml in `c:\Users\finan\Gettupplanding-111\dataconnect`
 {"metadata":{"emulator":{"name":"dataconnect"},"message":"E0123 14:30:08.594979   37672 watch.go:40] Failed to load config from \"c:\\\\Users\\\\finan\\\\Gettupplanding-111\\\\dataconnect\": could not find dataconnect.yaml in `c:\\Users\\finan\\Gettupplanding-111\\dataconnect`\n"}}
[debug] [2026-01-23T20:30:18.590Z] E0123 14:30:18.590515   37672 watch.go:40] Failed to load config from "c:\\Users\\finan\\Gettupplanding-111\\dataconnect": could not find dataconnect.yaml in `c:\Users\finan\Gettupplanding-111\dataconnect`
 {"metadata":{"emulator":{"name":"dataconnect"},"message":"E0123 14:30:18.590515   37672 watch.go:40] Failed to load config from \"c:\\\\Users\\\\finan\\\\Gettupplanding-111\\\\dataconnect\": could not find dataconnect.yaml in `c:\\Users\\finan\\Gettupplanding-111\\dataconnect`\n"}}
[debug] [2026-01-23T20:30:28.588Z] E0123 14:30:28.589178   37672 watch.go:116] watchAllDir unable to walk dir `c:\Users\finan\Gettupplanding-111\dataconnect`: CreateFile c:\Users\finan\Gettupplanding-111\dataconnect: The system cannot find the file specified.
 {"metadata":{"emulator":{"name":"dataconnect"},"message":"E0123 14:30:28.589178   37672 watch.go:116] watchAllDir unable to walk dir `c:\\Users\\finan\\Gettupplanding-111\\dataconnect`: CreateFile c:\\Users\\finan\\Gettupplanding-111\\dataconnect: The system cannot find the file specified.\n"}}
[debug] [2026-01-23T20:30:28.590Z] E0123 14:30:28.589178   37672 watch.go:40] Failed to load config from "c:\\Users\\finan\\Gettupplanding-111\\dataconnect": could not find dataconnect.yaml in `c:\Users\finan\Gettupplanding-111\dataconnect`
 {"metadata":{"emulator":{"name":"dataconnect"},"message":"E0123 14:30:28.589178   37672 watch.go:40] Failed to load config from \"c:\\\\Users\\\\finan\\\\Gettupplanding-111\\\\dataconnect\": could not find dataconnect.yaml in `c:\\Users\\finan\\Gettupplanding-111\\dataconnect`\n"}}
[debug] [2026-01-23T20:30:38.592Z] E0123 14:30:38.590995   37672 watch.go:40] Failed to load config from "c:\\Users\\finan\\Gettupplanding-111\\dataconnect": could not find dataconnect.yaml in `c:\Users\finan\Gettupplanding-111\dataconnect`
 {"metadata":{"emulator":{"name":"dataconnect"},"message":"E0123 14:30:38.590995   37672 watch.go:40] Failed to load config from \"c:\\\\Users\\\\finan\\\\Gettupplanding-111\\\\dataconnect\": could not find dataconnect.yaml in `c:\\Users\\finan\\Gettupplanding-111\\dataconnect`\n"}}
[debug] [2026-01-23T20:30:48.589Z] E0123 14:30:48.590183   37672 watch.go:40] Failed to load config from "c:\\Users\\finan\\Gettupplanding-111\\dataconnect": could not find dataconnect.yaml in `c:\Users\finan\Gettupplanding-111\dataconnect`
 {"metadata":{"emulator":{"name":"dataconnect"},"message":"E0123 14:30:48.590183   37672 watch.go:40] Failed to load config from \"c:\\\\Users\\\\finan\\\\Gettupplanding-111\\\\dataconnect\": could not find dataconnect.yaml in `c:\\Users\\finan\\Gettupplanding-111\\dataconnect`\n"}}
[debug] [2026-01-23T20:30:58.591Z] E0123 14:30:58.591011   37672 watch.go:40] Failed to load config from "c:\\Users\\finan\\Gettupplanding-111\\dataconnect": could not find dataconnect.yaml in `c:\Users\finan\Gettupplanding-111\dataconnect`
 {"metadata":{"emulator":{"name":"dataconnect"},"message":"E0123 14:30:58.591011   37672 watch.go:40] Failed to load config from \"c:\\\\Users\\\\finan\\\\Gettupplanding-111\\\\dataconnect\": could not find dataconnect.yaml in `c:\\Users\\finan\\Gettupplanding-111\\dataconnect`\n"}}
[debug] [2026-01-23T20:31:08.590Z] E0123 14:31:08.590986   37672 watch.go:40] Failed to load config from "c:\\Users\\finan\\Gettupplanding-111\\dataconnect": could not find dataconnect.yaml in `c:\Users\finan\Gettupplanding-111\dataconnect`
 {"metadata":{"emulator":{"name":"dataconnect"},"message":"E0123 14:31:08.590986   37672 watch.go:40] Failed to load config from \"c:\\\\Users\\\\finan\\\\Gettupplanding-111\\\\dataconnect\": could not find dataconnect.yaml in `c:\\Users\\finan\\Gettupplanding-111\\dataconnect`\n"}}
[debug] [2026-01-23T20:31:18.603Z] E0123 14:31:18.603509   37672 watch.go:40] Failed to load config from "c:\\Users\\finan\\Gettupplanding-111\\dataconnect": could not find dataconnect.yaml in `c:\Users\finan\Gettupplanding-111\dataconnect`
 {"metadata":{"emulator":{"name":"dataconnect"},"message":"E0123 14:31:18.603509   37672 watch.go:40] Failed to load config from \"c:\\\\Users\\\\finan\\\\Gettupplanding-111\\\\dataconnect\": could not find dataconnect.yaml in `c:\\Users\\finan\\Gettupplanding-111\\dataconnect`\n"}}
[debug] [2026-01-23T20:31:28.589Z] E0123 14:31:28.589444   37672 watch.go:116] watchAllDir unable to walk dir `c:\Users\finan\Gettupplanding-111\dataconnect`: CreateFile c:\Users\finan\Gettupplanding-111\dataconnect: The system cannot find the file specified.
 {"metadata":{"emulator":{"name":"dataconnect"},"message":"E0123 14:31:28.589444   37672 watch.go:116] watchAllDir unable to walk dir `c:\\Users\\finan\\Gettupplanding-111\\dataconnect`: CreateFile c:\\Users\\finan\\Gettupplanding-111\\dataconnect: The system cannot find the file specified.\n"}}
[debug] [2026-01-23T20:31:28.591Z] E0123 14:31:28.589977   37672 watch.go:40] Failed to load config from "c:\\Users\\finan\\Gettupplanding-111\\dataconnect": could not find dataconnect.yaml in `c:\Users\finan\Gettupplanding-111\dataconnect`
 {"metadata":{"emulator":{"name":"dataconnect"},"message":"E0123 14:31:28.589977   37672 watch.go:40] Failed to load config from \"c:\\\\Users\\\\finan\\\\Gettupplanding-111\\\\dataconnect\": could not find dataconnect.yaml in `c:\\Users\\finan\\Gettupplanding-111\\dataconnect`\n"}}
[debug] [2026-01-23T20:31:38.590Z] E0123 14:31:38.590368   37672 watch.go:40] Failed to load config from "c:\\Users\\finan\\Gettupplanding-111\\dataconnect": could not find dataconnect.yaml in `c:\Users\finan\Gettupplanding-111\dataconnect`
 {"metadata":{"emulator":{"name":"dataconnect"},"message":"E0123 14:31:38.590368   37672 watch.go:40] Failed to load config from \"c:\\\\Users\\\\finan\\\\Gettupplanding-111\\\\dataconnect\": could not find dataconnect.yaml in `c:\\Users\\finan\\Gettupplanding-111\\dataconnect`\n"}}
[info] [Firebase Plugin] Stopping Data Connect toolkit
[warn] !  Data Connect Emulator has exited upon receiving signal: SIGINT 
[debug] [2026-01-23T20:33:51.449Z] [Firebase Plugin] Activating Firebase extension.
[info] [Firebase Plugin] Checked firebase-tools, is up to date!
[debug] [2026-01-23T20:34:39.843Z] [Firebase Plugin] requireAuthWrapper
[debug] [2026-01-23T20:34:39.850Z] > command requires scopes: ["email","openid","https://www.googleapis.com/auth/cloudplatformprojects.readonly","https://www.googleapis.com/auth/firebase","https://www.googleapis.com/auth/cloud-platform"]
[debug] [2026-01-23T20:34:39.853Z] > authorizing via signed-in user (info.gettupp@gmail.com)
[debug] [2026-01-23T20:34:39.868Z] Checked if tokens are valid: true, expires at: 1769203164684
[debug] [2026-01-23T20:34:39.869Z] Checked if tokens are valid: true, expires at: 1769203164684
[debug] [2026-01-23T20:34:39.870Z] [Firebase Plugin] User found:  info.gettupp@gmail.com
[info] [Firebase Plugin] (Core:Project) New user detected, fetching projects
[debug] [2026-01-23T20:34:39.876Z] Checked if tokens are valid: true, expires at: 1769203164684
[debug] [2026-01-23T20:34:39.885Z] >>> [apiv2][query] GET https://firebase.googleapis.com/v1beta1/projects pageSize=1000
[info] [Firebase Plugin] Stopping Data Connect toolkit
[debug] [2026-01-23T20:34:40.717Z] <<< [apiv2][status] GET https://firebase.googleapis.com/v1beta1/projects 200
[debug] [2026-01-23T20:34:40.718Z] <<< [apiv2][body] GET https://firebase.googleapis.com/v1beta1/projects [omitted]
